{"C:\\Users\\Yostin\\Documents\\DIOS\\SupraStock\\backend\\controllers\\authController.js": {"path":"C:\\Users\\Yostin\\Documents\\DIOS\\SupraStock\\backend\\controllers\\authController.js","statementMap":{"0":{"start":{"line":1,"column":14},"end":{"line":1,"column":40}},"1":{"start":{"line":2,"column":12},"end":{"line":2,"column":35}},"2":{"start":{"line":3,"column":19},"end":{"line":3,"column":40}},"3":{"start":{"line":4,"column":15},"end":{"line":4,"column":32}},"4":{"start":{"line":5,"column":25},"end":{"line":5,"column":61}},"5":{"start":{"line":6,"column":15},"end":{"line":6,"column":34}},"6":{"start":{"line":10,"column":0},"end":{"line":25,"column":2}},"7":{"start":{"line":11,"column":18},"end":{"line":11,"column":42}},"8":{"start":{"line":12,"column":4},"end":{"line":14,"column":5}},"9":{"start":{"line":13,"column":8},"end":{"line":13,"column":116}},"10":{"start":{"line":15,"column":4},"end":{"line":24,"column":5}},"11":{"start":{"line":16,"column":21},"end":{"line":16,"column":53}},"12":{"start":{"line":17,"column":21},"end":{"line":17,"column":55}},"13":{"start":{"line":18,"column":8},"end":{"line":20,"column":9}},"14":{"start":{"line":19,"column":12},"end":{"line":19,"column":124}},"15":{"start":{"line":21,"column":8},"end":{"line":21,"column":36}},"16":{"start":{"line":23,"column":8},"end":{"line":23,"column":109}},"17":{"start":{"line":29,"column":0},"end":{"line":101,"column":2}},"18":{"start":{"line":30,"column":4},"end":{"line":100,"column":5}},"19":{"start":{"line":31,"column":42},"end":{"line":31,"column":50}},"20":{"start":{"line":32,"column":8},"end":{"line":32,"column":29}},"21":{"start":{"line":35,"column":30},"end":{"line":35,"column":56}},"22":{"start":{"line":36,"column":8},"end":{"line":41,"column":9}},"23":{"start":{"line":37,"column":12},"end":{"line":40,"column":15}},"24":{"start":{"line":44,"column":27},"end":{"line":44,"column":57}},"25":{"start":{"line":45,"column":8},"end":{"line":50,"column":9}},"26":{"start":{"line":46,"column":12},"end":{"line":49,"column":15}},"27":{"start":{"line":53,"column":21},"end":{"line":53,"column":45}},"28":{"start":{"line":54,"column":31},"end":{"line":54,"column":64}},"29":{"start":{"line":57,"column":34},"end":{"line":57,"column":72}},"30":{"start":{"line":60,"column":21},"end":{"line":67,"column":10}},"31":{"start":{"line":69,"column":8},"end":{"line":69,"column":26}},"32":{"start":{"line":72,"column":28},"end":{"line":78,"column":10}},"33":{"start":{"line":81,"column":32},"end":{"line":81,"column":89}},"34":{"start":{"line":82,"column":28},"end":{"line":86,"column":9}},"35":{"start":{"line":88,"column":8},"end":{"line":88,"column":48}},"36":{"start":{"line":90,"column":8},"end":{"line":93,"column":11}},"37":{"start":{"line":95,"column":8},"end":{"line":95,"column":60}},"38":{"start":{"line":96,"column":8},"end":{"line":99,"column":11}},"39":{"start":{"line":105,"column":0},"end":{"line":145,"column":2}},"40":{"start":{"line":106,"column":15},"end":{"line":106,"column":61}},"41":{"start":{"line":107,"column":4},"end":{"line":107,"column":31}},"42":{"start":{"line":108,"column":4},"end":{"line":144,"column":5}},"43":{"start":{"line":109,"column":28},"end":{"line":109,"column":82}},"44":{"start":{"line":110,"column":8},"end":{"line":141,"column":9}},"45":{"start":{"line":112,"column":12},"end":{"line":117,"column":13}},"46":{"start":{"line":113,"column":16},"end":{"line":116,"column":19}},"47":{"start":{"line":119,"column":25},"end":{"line":119,"column":51}},"48":{"start":{"line":120,"column":26},"end":{"line":120,"column":55}},"49":{"start":{"line":121,"column":12},"end":{"line":121,"column":42}},"50":{"start":{"line":122,"column":12},"end":{"line":122,"column":47}},"51":{"start":{"line":123,"column":12},"end":{"line":138,"column":13}},"52":{"start":{"line":124,"column":16},"end":{"line":130,"column":19}},"53":{"start":{"line":132,"column":16},"end":{"line":137,"column":19}},"54":{"start":{"line":140,"column":12},"end":{"line":140,"column":81}},"55":{"start":{"line":143,"column":8},"end":{"line":143,"column":91}}},"fnMap":{"0":{"name":"(anonymous_0)","decl":{"start":{"line":10,"column":22},"end":{"line":10,"column":23}},"loc":{"start":{"line":10,"column":42},"end":{"line":25,"column":1}},"line":10},"1":{"name":"(anonymous_1)","decl":{"start":{"line":29,"column":17},"end":{"line":29,"column":18}},"loc":{"start":{"line":29,"column":37},"end":{"line":101,"column":1}},"line":29},"2":{"name":"(anonymous_2)","decl":{"start":{"line":105,"column":16},"end":{"line":105,"column":17}},"loc":{"start":{"line":105,"column":36},"end":{"line":145,"column":1}},"line":105}},"branchMap":{"0":{"loc":{"start":{"line":12,"column":4},"end":{"line":14,"column":5}},"type":"if","locations":[{"start":{"line":12,"column":4},"end":{"line":14,"column":5}},{"start":{},"end":{}}],"line":12},"1":{"loc":{"start":{"line":18,"column":8},"end":{"line":20,"column":9}},"type":"if","locations":[{"start":{"line":18,"column":8},"end":{"line":20,"column":9}},{"start":{},"end":{}}],"line":18},"2":{"loc":{"start":{"line":36,"column":8},"end":{"line":41,"column":9}},"type":"if","locations":[{"start":{"line":36,"column":8},"end":{"line":41,"column":9}},{"start":{},"end":{}}],"line":36},"3":{"loc":{"start":{"line":45,"column":8},"end":{"line":50,"column":9}},"type":"if","locations":[{"start":{"line":45,"column":8},"end":{"line":50,"column":9}},{"start":{},"end":{}}],"line":45},"4":{"loc":{"start":{"line":108,"column":4},"end":{"line":144,"column":5}},"type":"if","locations":[{"start":{"line":108,"column":4},"end":{"line":144,"column":5}},{"start":{"line":142,"column":11},"end":{"line":144,"column":5}}],"line":108},"5":{"loc":{"start":{"line":110,"column":8},"end":{"line":141,"column":9}},"type":"if","locations":[{"start":{"line":110,"column":8},"end":{"line":141,"column":9}},{"start":{"line":139,"column":15},"end":{"line":141,"column":9}}],"line":110},"6":{"loc":{"start":{"line":112,"column":12},"end":{"line":117,"column":13}},"type":"if","locations":[{"start":{"line":112,"column":12},"end":{"line":117,"column":13}},{"start":{},"end":{}}],"line":112},"7":{"loc":{"start":{"line":123,"column":12},"end":{"line":138,"column":13}},"type":"if","locations":[{"start":{"line":123,"column":12},"end":{"line":138,"column":13}},{"start":{"line":131,"column":19},"end":{"line":138,"column":13}}],"line":123}},"s":{"0":1,"1":1,"2":1,"3":1,"4":1,"5":1,"6":1,"7":4,"8":4,"9":1,"10":3,"11":3,"12":2,"13":2,"14":1,"15":1,"16":1,"17":1,"18":4,"19":4,"20":4,"21":4,"22":4,"23":1,"24":3,"25":3,"26":1,"27":2,"28":2,"29":2,"30":2,"31":2,"32":1,"33":1,"34":1,"35":1,"36":1,"37":1,"38":1,"39":1,"40":4,"41":4,"42":4,"43":3,"44":3,"45":2,"46":1,"47":1,"48":1,"49":1,"50":1,"51":1,"52":0,"53":1,"54":1,"55":1},"f":{"0":4,"1":4,"2":4},"b":{"0":[1,3],"1":[1,1],"2":[1,3],"3":[1,2],"4":[3,1],"5":[2,1],"6":[1,1],"7":[0,1]},"_coverageSchema":"1a1c01bbd47fc00a2c39e90264f33305004495a9","hash":"85ae178c575f023bf8f5a116dcc9328423c31836"}
,"C:\\Users\\Yostin\\Documents\\DIOS\\SupraStock\\backend\\models\\Users.js": {"path":"C:\\Users\\Yostin\\Documents\\DIOS\\SupraStock\\backend\\models\\Users.js","statementMap":{"0":{"start":{"line":1,"column":17},"end":{"line":1,"column":36}},"1":{"start":{"line":3,"column":20},"end":{"line":26,"column":2}},"2":{"start":{"line":28,"column":0},"end":{"line":28,"column":54}}},"fnMap":{},"branchMap":{},"s":{"0":1,"1":1,"2":1},"f":{},"b":{},"_coverageSchema":"1a1c01bbd47fc00a2c39e90264f33305004495a9","hash":"327670aace1520ee03c525e5e37fdab9655d654d"}
,"C:\\Users\\Yostin\\Documents\\DIOS\\SupraStock\\backend\\utils\\validatePassword.js": {"path":"C:\\Users\\Yostin\\Documents\\DIOS\\SupraStock\\backend\\utils\\validatePassword.js","statementMap":{"0":{"start":{"line":1,"column":0},"end":{"line":12,"column":2}},"1":{"start":{"line":2,"column":22},"end":{"line":2,"column":23}},"2":{"start":{"line":3,"column":25},"end":{"line":3,"column":47}},"3":{"start":{"line":4,"column":25},"end":{"line":4,"column":47}},"4":{"start":{"line":5,"column":27},"end":{"line":5,"column":66}},"5":{"start":{"line":7,"column":4},"end":{"line":7,"column":94}},"6":{"start":{"line":7,"column":37},"end":{"line":7,"column":94}},"7":{"start":{"line":8,"column":4},"end":{"line":8,"column":87}},"8":{"start":{"line":8,"column":23},"end":{"line":8,"column":87}},"9":{"start":{"line":9,"column":4},"end":{"line":9,"column":87}},"10":{"start":{"line":9,"column":23},"end":{"line":9,"column":87}},"11":{"start":{"line":10,"column":4},"end":{"line":10,"column":90}},"12":{"start":{"line":10,"column":25},"end":{"line":10,"column":90}},"13":{"start":{"line":11,"column":4},"end":{"line":11,"column":16}}},"fnMap":{"0":{"name":"(anonymous_0)","decl":{"start":{"line":1,"column":17},"end":{"line":1,"column":18}},"loc":{"start":{"line":1,"column":31},"end":{"line":12,"column":1}},"line":1}},"branchMap":{"0":{"loc":{"start":{"line":7,"column":4},"end":{"line":7,"column":94}},"type":"if","locations":[{"start":{"line":7,"column":4},"end":{"line":7,"column":94}},{"start":{},"end":{}}],"line":7},"1":{"loc":{"start":{"line":8,"column":4},"end":{"line":8,"column":87}},"type":"if","locations":[{"start":{"line":8,"column":4},"end":{"line":8,"column":87}},{"start":{},"end":{}}],"line":8},"2":{"loc":{"start":{"line":9,"column":4},"end":{"line":9,"column":87}},"type":"if","locations":[{"start":{"line":9,"column":4},"end":{"line":9,"column":87}},{"start":{},"end":{}}],"line":9},"3":{"loc":{"start":{"line":10,"column":4},"end":{"line":10,"column":90}},"type":"if","locations":[{"start":{"line":10,"column":4},"end":{"line":10,"column":90}},{"start":{},"end":{}}],"line":10}},"s":{"0":1,"1":0,"2":0,"3":0,"4":0,"5":0,"6":0,"7":0,"8":0,"9":0,"10":0,"11":0,"12":0,"13":0},"f":{"0":0},"b":{"0":[0,0],"1":[0,0],"2":[0,0],"3":[0,0]},"_coverageSchema":"1a1c01bbd47fc00a2c39e90264f33305004495a9","hash":"56d3502ade61059f27e510adedf7f2d2ddc3c764"}
}
