TN:
SF:controllers\authController.js
FN:10,(anonymous_0)
FN:29,(anonymous_1)
FN:105,(anonymous_2)
FNF:3
FNH:3
FNDA:4,(anonymous_0)
FNDA:4,(anonymous_1)
FNDA:4,(anonymous_2)
DA:1,1
DA:2,1
DA:3,1
DA:4,1
DA:5,1
DA:6,1
DA:10,1
DA:11,4
DA:12,4
DA:13,1
DA:15,3
DA:16,3
DA:17,2
DA:18,2
DA:19,1
DA:21,1
DA:23,1
DA:29,1
DA:30,4
DA:31,4
DA:32,4
DA:35,4
DA:36,4
DA:37,1
DA:44,3
DA:45,3
DA:46,1
DA:53,2
DA:54,2
DA:57,2
DA:60,2
DA:69,2
DA:72,1
DA:81,1
DA:82,1
DA:88,1
DA:90,1
DA:95,1
DA:96,1
DA:105,1
DA:106,4
DA:107,4
DA:108,4
DA:109,3
DA:110,3
DA:112,2
DA:113,1
DA:119,1
DA:120,1
DA:121,1
DA:122,1
DA:123,1
DA:124,0
DA:132,1
DA:140,1
DA:143,1
LF:56
LH:55
BRDA:12,0,0,1
BRDA:12,0,1,3
BRDA:18,1,0,1
BRDA:18,1,1,1
BRDA:36,2,0,1
BRDA:36,2,1,3
BRDA:45,3,0,1
BRDA:45,3,1,2
BRDA:108,4,0,3
BRDA:108,4,1,1
BRDA:110,5,0,2
BRDA:110,5,1,1
BRDA:112,6,0,1
BRDA:112,6,1,1
BRDA:123,7,0,0
BRDA:123,7,1,1
BRF:16
BRH:15
end_of_record
TN:
SF:models\Users.js
FNF:0
FNH:0
DA:1,1
DA:3,1
DA:28,1
LF:3
LH:3
BRF:0
BRH:0
end_of_record
TN:
SF:utils\validatePassword.js
FN:1,(anonymous_0)
FNF:1
FNH:0
FNDA:0,(anonymous_0)
DA:1,1
DA:2,0
DA:3,0
DA:4,0
DA:5,0
DA:7,0
DA:8,0
DA:9,0
DA:10,0
DA:11,0
LF:10
LH:1
BRDA:7,0,0,0
BRDA:7,0,1,0
BRDA:8,1,0,0
BRDA:8,1,1,0
BRDA:9,2,0,0
BRDA:9,2,1,0
BRDA:10,3,0,0
BRDA:10,3,1,0
BRF:8
BRH:0
end_of_record
